<?xml version="1.0" encoding="UTF-8"?>
<testsuite xmlns:xsi="http://www.w3.org/2001/XMLSchema-instance" xsi:noNamespaceSchemaLocation="https://maven.apache.org/surefire/maven-surefire-plugin/xsd/surefire-test-report.xsd" version="3.0.2" name="TestSuite" time="10.384" tests="2" errors="0" skipped="0" failures="0">
  <properties>
[...]
</properties>
  <testcase name="verify_account_registration" classname="testCases.TC001_AccountRegistrationTest" time="1.824">
    <system-err><![CDATA[2025-11-09T22:40:10.990798100Z main DEBUG Apache Log4j Core 2.25 initializing configuration XmlConfiguration[location=C:\Users\fanof\eclipse-workspace\OpencartV121\target\test-classes\log4j2.xml, lastModified=2025-11-08T14:53:30.411Z]
2025-11-09T22:40:10.994794800Z main DEBUG PluginManager 'Core' found 134 plugins
2025-11-09T22:40:10.994794800Z main DEBUG PluginManager 'Level' found 0 plugins
2025-11-09T22:40:11.004797200Z main DEBUG Building Plugin[name=Property, class=org.apache.logging.log4j.core.config.Property].
2025-11-09T22:40:11.027797100Z main DEBUG PluginManager 'TypeConverter' found 26 plugins
2025-11-09T22:40:11.042793300Z main DEBUG createProperty(name="basePath", value="./logs", Configuration(C:\Users\fanof\eclipse-workspace\OpencartV121\target\test-classes\log4j2.xml))
2025-11-09T22:40:11.043793Z main DEBUG Building Plugin[name=Properties, class=org.apache.logging.log4j.core.config.PropertiesPlugin].
2025-11-09T22:40:11.046801700Z main DEBUG configureSubstitutor(={basePath=./logs}, Configuration(C:\Users\fanof\eclipse-workspace\OpencartV121\target\test-classes\log4j2.xml))
2025-11-09T22:40:11.049793Z main DEBUG PluginManager 'Lookup' found 16 plugins
2025-11-09T22:40:11.050799200Z main DEBUG Building Plugin[name=layout, class=org.apache.logging.log4j.core.layout.PatternLayout].
2025-11-09T22:40:11.069808Z main DEBUG PatternLayout$Builder(pattern="%d{HH:mm:ss.SSS} [%t] %-5level %logger{36} - %msg%n", PatternSelector=null, Configuration(C:\Users\fanof\eclipse-workspace\OpencartV121\target\test-classes\log4j2.xml), Replace=null, charset="null", alwaysWriteExceptions="null", disableAnsi="null", noConsoleNoAnsi="null", header="null", footer="null")
2025-11-09T22:40:11.073796900Z main DEBUG PluginManager 'Converter' found 45 plugins
2025-11-09T22:40:11.131803500Z main DEBUG Building Plugin[name=appender, class=org.apache.logging.log4j.core.appender.ConsoleAppender].
2025-11-09T22:40:11.145809500Z main DEBUG ConsoleAppender$Builder(target="SYSTEM_OUT", follow="null", direct="null", bufferedIo="null", bufferSize="null", immediateFlush="null", ignoreExceptions="null", PatternLayout(%d{HH:mm:ss.SSS} [%t] %-5level %logger{36} - %msg%n), name="Console", Configuration(C:\Users\fanof\eclipse-workspace\OpencartV121\target\test-classes\log4j2.xml), Filter=null, ={})
2025-11-09T22:40:11.148795600Z main DEBUG Starting OutputStreamManager SYSTEM_OUT.false.false
2025-11-09T22:40:11.149797500Z main DEBUG Building Plugin[name=layout, class=org.apache.logging.log4j.core.layout.PatternLayout].
2025-11-09T22:40:11.150806100Z main DEBUG PatternLayout$Builder(pattern="%d{HH:mm:ss.SSS} [%t] %-5level %logger{36} - %msg%n", PatternSelector=null, Configuration(C:\Users\fanof\eclipse-workspace\OpencartV121\target\test-classes\log4j2.xml), Replace=null, charset="null", alwaysWriteExceptions="null", disableAnsi="null", noConsoleNoAnsi="null", header="null", footer="null")
2025-11-09T22:40:11.151822400Z main DEBUG Building Plugin[name=TimeBasedTriggeringPolicy, class=org.apache.logging.log4j.core.appender.rolling.TimeBasedTriggeringPolicy].
2025-11-09T22:40:11.156798Z main DEBUG TimeBasedTriggeringPolicy$Builder(interval="null", modulate="null", maxRandomDelay="null")
2025-11-09T22:40:11.156798Z main DEBUG Building Plugin[name=Policies, class=org.apache.logging.log4j.core.appender.rolling.CompositeTriggeringPolicy].
2025-11-09T22:40:11.157798800Z main DEBUG createPolicy(={TimeBasedTriggeringPolicy(nextRolloverMillis=0, interval=1, modulate=false)})
2025-11-09T22:40:11.158802700Z main DEBUG Building Plugin[name=appender, class=org.apache.logging.log4j.core.appender.RollingFileAppender].
2025-11-09T22:40:11.162794700Z main DEBUG RollingFileAppender$Builder(fileName="logs/automation.log", filePattern="logs/automation-%d{yyyy-MM-dd-HH-mm-ss}.log", append="null", locking="null", Policies(CompositeTriggeringPolicy(policies=[TimeBasedTriggeringPolicy(nextRolloverMillis=0, interval=1, modulate=false)])), Strategy=null, advertise="null", advertiseUri="null", createOnDemand="null", filePermissions="null", fileOwner="null", fileGroup="null", bufferedIo="null", bufferSize="null", immediateFlush="null", ignoreExceptions="null", PatternLayout(%d{HH:mm:ss.SSS} [%t] %-5level %logger{36} - %msg%n), name="File", Configuration(C:\Users\fanof\eclipse-workspace\OpencartV121\target\test-classes\log4j2.xml), Filter=null, ={})
2025-11-09T22:40:11.175793100Z main DEBUG Returning file creation time for C:\Users\fanof\eclipse-workspace\OpencartV121\logs\automation.log
2025-11-09T22:40:11.175793100Z main DEBUG Starting RollingFileManager logs/automation.log
2025-11-09T22:40:11.178804500Z main DEBUG PluginManager 'FileConverter' found 2 plugins
2025-11-09T22:40:11.184797900Z main DEBUG Setting prev file time to 2025-11-10T04:04:35.000+0530
2025-11-09T22:40:11.185796900Z main DEBUG Initializing triggering policy CompositeTriggeringPolicy(policies=[TimeBasedTriggeringPolicy(nextRolloverMillis=0, interval=1, modulate=false)])
2025-11-09T22:40:11.185796900Z main DEBUG Initializing triggering policy TimeBasedTriggeringPolicy(nextRolloverMillis=0, interval=1, modulate=false)
2025-11-09T22:40:11.186794900Z main DEBUG Building Plugin[name=Appenders, class=org.apache.logging.log4j.core.config.AppendersPlugin].
2025-11-09T22:40:11.187796300Z main DEBUG createAppenders(={Console, File})
2025-11-09T22:40:11.188816200Z main DEBUG Building Plugin[name=AppenderRef, class=org.apache.logging.log4j.core.config.AppenderRef].
2025-11-09T22:40:11.188816200Z main DEBUG createAppenderRef(ref="File", level="null", Filter=null)
2025-11-09T22:40:11.190800500Z main DEBUG Building Plugin[name=Root, class=org.apache.logging.log4j.core.config.LoggerConfig$RootLogger].
2025-11-09T22:40:11.196805600Z main DEBUG LoggerConfig$RootLogger$Builder(additivity="null", level="DEBUG", levelAndRefs="null", includeLocation="null", ={File}, ={}, Configuration(C:\Users\fanof\eclipse-workspace\OpencartV121\target\test-classes\log4j2.xml), Filter=null)
2025-11-09T22:40:11.199794800Z main DEBUG Building Plugin[name=Loggers, class=org.apache.logging.log4j.core.config.LoggersPlugin].
2025-11-09T22:40:11.200794600Z main DEBUG createLoggers(={root})
2025-11-09T22:40:11.201797100Z main DEBUG Configuration XmlConfiguration[location=C:\Users\fanof\eclipse-workspace\OpencartV121\target\test-classes\log4j2.xml, lastModified=2025-11-08T14:53:30.411Z] initialized
2025-11-09T22:40:11.201797100Z main INFO Starting configuration XmlConfiguration[location=C:\Users\fanof\eclipse-workspace\OpencartV121\target\test-classes\log4j2.xml, lastModified=2025-11-08T14:53:30.411Z]...
2025-11-09T22:40:11.202796300Z main INFO Configuration XmlConfiguration[location=C:\Users\fanof\eclipse-workspace\OpencartV121\target\test-classes\log4j2.xml, lastModified=2025-11-08T14:53:30.411Z] started.
2025-11-09T22:40:11.208795400Z main INFO Stopping configuration org.apache.logging.log4j.core.config.DefaultConfiguration@3911c2a7...
2025-11-09T22:40:11.208795400Z main DEBUG Shutting down OutputStreamManager SYSTEM_OUT.false.false-1
2025-11-09T22:40:11.209798200Z main DEBUG OutputStream closed
2025-11-09T22:40:11.209798200Z main DEBUG Shut down OutputStreamManager SYSTEM_OUT.false.false-1, all resources released: true
2025-11-09T22:40:11.209798200Z main DEBUG Appender DefaultConsole-1 stopped with status true
2025-11-09T22:40:11.210799Z main INFO Configuration org.apache.logging.log4j.core.config.DefaultConfiguration@3911c2a7 stopped.
2025-11-09T22:40:11.213797300Z main DEBUG org.apache.logging.log4j.core.util.SystemClock supports precise timestamps.
2025-11-09T22:40:11.214797200Z main DEBUG Reconfiguration complete for context[name=70dea4e] at URI C:\Users\fanof\eclipse-workspace\OpencartV121\target\test-classes\log4j2.xml (org.apache.logging.log4j.core.LoggerContext@76a4ebf2) with optional ClassLoader: null
2025-11-09T22:40:11.214797200Z main DEBUG Shutdown hook enabled. Registering a new one.
2025-11-09T22:40:11.217802500Z main DEBUG LoggerContext[name=70dea4e, org.apache.logging.log4j.core.LoggerContext@76a4ebf2] started OK.
2025-11-09T22:40:11.285796100Z main DEBUG Formatting file name. useCurrentTime=false. currentFileTime=1762728011284, prevFileTime=1762727675000
2025-11-09T22:40:11.287795500Z main DEBUG Eligible files: {}
2025-11-09T22:40:11.287795500Z main DEBUG Formatting file name. useCurrentTime=false. currentFileTime=1762728011284, prevFileTime=1762727675000
2025-11-09T22:40:11.290798100Z main DEBUG OutputStream closed
2025-11-09T22:40:11.291796Z main DEBUG RollingFileManager executing synchronous FileRenameAction[logs\automation.log to logs\automation-2025-11-10-04-04-35.log, renameEmptyFiles=false]
2025-11-09T22:40:11.295810300Z main DEBUG Now writing to logs/automation.log at 2025-11-10T04:10:11.294+0530
Nov 10, 2025 4:10:13 AM org.openqa.selenium.devtools.CdpVersionFinder findNearestMatch
WARNING: Unable to find an exact match for CDP version 142, returning the closest version; found: 141; Please update to a Selenium version that supports CDP version 142
2025-11-09T22:40:14.102944800Z main DEBUG Formatting file name. useCurrentTime=false. currentFileTime=1762728014102, prevFileTime=1762728011000
2025-11-09T22:40:14.104953400Z main DEBUG Eligible files: {}
2025-11-09T22:40:14.104953400Z main DEBUG Formatting file name. useCurrentTime=false. currentFileTime=1762728014102, prevFileTime=1762728011000
2025-11-09T22:40:14.105932Z main DEBUG OutputStream closed
2025-11-09T22:40:14.105932Z main DEBUG RollingFileManager executing synchronous FileRenameAction[logs\automation.log to logs\automation-2025-11-10-04-10-11.log, renameEmptyFiles=false]
2025-11-09T22:40:14.108931Z main DEBUG Now writing to logs/automation.log at 2025-11-10T04:10:14.107+0530
]]></system-err>
  </testcase>
  <testcase name="loginUser" classname="testCases.TC002_LoginTest" time="1.546">
    <system-err><![CDATA[Nov 10, 2025 4:10:17 AM org.openqa.selenium.devtools.CdpVersionFinder findNearestMatch
WARNING: Unable to find an exact match for CDP version 142, returning the closest version; found: 141; Please update to a Selenium version that supports CDP version 142
2025-11-09T22:40:17.666048600Z main DEBUG Formatting file name. useCurrentTime=false. currentFileTime=1762728017666, prevFileTime=1762728014000
2025-11-09T22:40:17.668044800Z main DEBUG Eligible files: {}
2025-11-09T22:40:17.669060800Z main DEBUG Formatting file name. useCurrentTime=false. currentFileTime=1762728017666, prevFileTime=1762728014000
2025-11-09T22:40:17.670048300Z main DEBUG OutputStream closed
2025-11-09T22:40:17.671049200Z main DEBUG RollingFileManager executing synchronous FileRenameAction[logs\automation.log to logs\automation-2025-11-10-04-10-14.log, renameEmptyFiles=false]
2025-11-09T22:40:17.673095400Z main DEBUG Now writing to logs/automation.log at 2025-11-10T04:10:17.673+0530
2025-11-09T22:40:19.177882800Z main DEBUG Formatting file name. useCurrentTime=false. currentFileTime=1762728019177, prevFileTime=1762728017000
2025-11-09T22:40:19.178881900Z main DEBUG Eligible files: {}
2025-11-09T22:40:19.178881900Z main DEBUG Formatting file name. useCurrentTime=false. currentFileTime=1762728019177, prevFileTime=1762728017000
2025-11-09T22:40:19.179881700Z main DEBUG OutputStream closed
2025-11-09T22:40:19.179881700Z main DEBUG RollingFileManager executing synchronous FileRenameAction[logs\automation.log to logs\automation-2025-11-10-04-10-17.log, renameEmptyFiles=false]
2025-11-09T22:40:19.180881200Z main DEBUG Now writing to logs/automation.log at 2025-11-10T04:10:19.180+0530
]]></system-err>
  </testcase>
</testsuite>