<?xml version="1.0" encoding="UTF-8"?>
<testng-results ignored="0" total="2" passed="2" failed="0" skipped="0">
  <reporter-output>
  </reporter-output>
  <suite started-at="2025-11-10T04:10:11 IST" name="Minato" finished-at="2025-11-10T04:10:19 IST" duration-ms="7682">
    <groups>
      <group name="Master">
        <method signature="TC001_AccountRegistrationTest.verify_account_registration()[pri:0, instance:testCases.TC001_AccountRegistrationTest@2b76ff4e]" name="verify_account_registration" class="testCases.TC001_AccountRegistrationTest"/>
        <method signature="TC002_LoginTest.loginUser()[pri:0, instance:testCases.TC002_LoginTest@6bffbc6d]" name="loginUser" class="testCases.TC002_LoginTest"/>
      </group> <!-- Master -->
      <group name="Sanity">
        <method signature="TC002_LoginTest.loginUser()[pri:0, instance:testCases.TC002_LoginTest@6bffbc6d]" name="loginUser" class="testCases.TC002_LoginTest"/>
      </group> <!-- Sanity -->
      <group name="Regression">
        <method signature="TC001_AccountRegistrationTest.verify_account_registration()[pri:0, instance:testCases.TC001_AccountRegistrationTest@2b76ff4e]" name="verify_account_registration" class="testCases.TC001_AccountRegistrationTest"/>
      </group> <!-- Regression -->
    </groups>
    <test started-at="2025-11-10T04:10:11 IST" name="Test" finished-at="2025-11-10T04:10:19 IST" duration-ms="7682">
      <class name="testCases.TC002_LoginTest">
        <test-method is-config="true" signature="setup(java.lang.String,java.lang.String)[pri:0, instance:testCases.TC002_LoginTest@6bffbc6d]" started-at="2025-11-10T04:10:16 IST" name="setup" finished-at="2025-11-10T04:10:17 IST" duration-ms="1554" status="PASS">
          <params>
            <param index="0">
              <value>
                <![CDATA[Windows10]]>
              </value>
            </param>
            <param index="1">
              <value>
                <![CDATA[Chrome]]>
              </value>
            </param>
          </params>
          <reporter-output>
          </reporter-output>
        </test-method> <!-- setup -->
        <test-method signature="loginUser()[pri:0, instance:testCases.TC002_LoginTest@6bffbc6d]" started-at="2025-11-10T04:10:17 IST" name="loginUser" finished-at="2025-11-10T04:10:19 IST" duration-ms="1517" status="PASS">
          <reporter-output>
          </reporter-output>
        </test-method> <!-- loginUser -->
        <test-method is-config="true" signature="tearDown()[pri:0, instance:testCases.TC002_LoginTest@6bffbc6d]" started-at="2025-11-10T04:10:19 IST" name="tearDown" finished-at="2025-11-10T04:10:19 IST" duration-ms="171" status="PASS">
          <reporter-output>
          </reporter-output>
        </test-method> <!-- tearDown -->
      </class> <!-- testCases.TC002_LoginTest -->
      <class name="testCases.TC001_AccountRegistrationTest">
        <test-method is-config="true" signature="setup(java.lang.String,java.lang.String)[pri:0, instance:testCases.TC001_AccountRegistrationTest@2b76ff4e]" started-at="2025-11-10T04:10:11 IST" name="setup" finished-at="2025-11-10T04:10:14 IST" duration-ms="2145" status="PASS">
          <params>
            <param index="0">
              <value>
                <![CDATA[Windows10]]>
              </value>
            </param>
            <param index="1">
              <value>
                <![CDATA[Chrome]]>
              </value>
            </param>
          </params>
          <reporter-output>
          </reporter-output>
        </test-method> <!-- setup -->
        <test-method signature="verify_account_registration()[pri:0, instance:testCases.TC001_AccountRegistrationTest@2b76ff4e]" started-at="2025-11-10T04:10:14 IST" name="verify_account_registration" finished-at="2025-11-10T04:10:15 IST" duration-ms="1809" status="PASS">
          <reporter-output>
          </reporter-output>
        </test-method> <!-- verify_account_registration -->
        <test-method is-config="true" signature="tearDown()[pri:0, instance:testCases.TC001_AccountRegistrationTest@2b76ff4e]" started-at="2025-11-10T04:10:15 IST" name="tearDown" finished-at="2025-11-10T04:10:16 IST" duration-ms="182" status="PASS">
          <reporter-output>
          </reporter-output>
        </test-method> <!-- tearDown -->
      </class> <!-- testCases.TC001_AccountRegistrationTest -->
    </test> <!-- Test -->
  </suite> <!-- Minato -->
</testng-results>
