<?xml version="1.0" encoding="UTF-8"?>
<testng-results ignored="0" total="2" passed="2" failed="0" skipped="0">
  <reporter-output>
  </reporter-output>
  <suite started-at="2025-11-10T03:46:50 IST" name="Master suite" finished-at="2025-11-10T03:47:00 IST" duration-ms="10519">
    <groups>
      <group name="Master">
        <method signature="TC001_AccountRegistrationTest.verify_account_registration()[pri:0, instance:testCases.TC001_AccountRegistrationTest@324a0017]" name="verify_account_registration" class="testCases.TC001_AccountRegistrationTest"/>
        <method signature="TC002_LoginTest.loginUser()[pri:0, instance:testCases.TC002_LoginTest@46944ca9]" name="loginUser" class="testCases.TC002_LoginTest"/>
      </group> <!-- Master -->
      <group name="Sanity">
        <method signature="TC002_LoginTest.loginUser()[pri:0, instance:testCases.TC002_LoginTest@46944ca9]" name="loginUser" class="testCases.TC002_LoginTest"/>
      </group> <!-- Sanity -->
      <group name="Regression">
        <method signature="TC001_AccountRegistrationTest.verify_account_registration()[pri:0, instance:testCases.TC001_AccountRegistrationTest@324a0017]" name="verify_account_registration" class="testCases.TC001_AccountRegistrationTest"/>
      </group> <!-- Regression -->
    </groups>
    <test started-at="2025-11-10T03:46:50 IST" name="Test" finished-at="2025-11-10T03:47:00 IST" duration-ms="10519">
      <class name="testCases.TC002_LoginTest">
        <test-method is-config="true" signature="setup(java.lang.String,java.lang.String)[pri:0, instance:testCases.TC002_LoginTest@46944ca9]" started-at="2025-11-10T03:46:56 IST" name="setup" finished-at="2025-11-10T03:46:57 IST" duration-ms="1326" status="PASS">
          <params>
            <param index="0">
              <value>
                <![CDATA[Windows11]]>
              </value>
            </param>
            <param index="1">
              <value>
                <![CDATA[Chrome]]>
              </value>
            </param>
          </params>
          <reporter-output>
          </reporter-output>
        </test-method> <!-- setup -->
        <test-method signature="loginUser()[pri:0, instance:testCases.TC002_LoginTest@46944ca9]" started-at="2025-11-10T03:46:57 IST" name="loginUser" finished-at="2025-11-10T03:46:58 IST" duration-ms="1170" status="PASS">
          <reporter-output>
          </reporter-output>
        </test-method> <!-- loginUser -->
        <test-method is-config="true" signature="tearDown()[pri:0, instance:testCases.TC002_LoginTest@46944ca9]" started-at="2025-11-10T03:46:58 IST" name="tearDown" finished-at="2025-11-10T03:47:00 IST" duration-ms="2205" status="PASS">
          <reporter-output>
          </reporter-output>
        </test-method> <!-- tearDown -->
      </class> <!-- testCases.TC002_LoginTest -->
      <class name="testCases.TC001_AccountRegistrationTest">
        <test-method is-config="true" signature="setup(java.lang.String,java.lang.String)[pri:0, instance:testCases.TC001_AccountRegistrationTest@324a0017]" started-at="2025-11-10T03:46:50 IST" name="setup" finished-at="2025-11-10T03:46:52 IST" duration-ms="1853" status="PASS">
          <params>
            <param index="0">
              <value>
                <![CDATA[Windows11]]>
              </value>
            </param>
            <param index="1">
              <value>
                <![CDATA[Chrome]]>
              </value>
            </param>
          </params>
          <reporter-output>
          </reporter-output>
        </test-method> <!-- setup -->
        <test-method signature="verify_account_registration()[pri:0, instance:testCases.TC001_AccountRegistrationTest@324a0017]" started-at="2025-11-10T03:46:52 IST" name="verify_account_registration" finished-at="2025-11-10T03:46:53 IST" duration-ms="1486" status="PASS">
          <reporter-output>
          </reporter-output>
        </test-method> <!-- verify_account_registration -->
        <test-method is-config="true" signature="tearDown()[pri:0, instance:testCases.TC001_AccountRegistrationTest@324a0017]" started-at="2025-11-10T03:46:53 IST" name="tearDown" finished-at="2025-11-10T03:46:56 IST" duration-ms="2213" status="PASS">
          <reporter-output>
          </reporter-output>
        </test-method> <!-- tearDown -->
      </class> <!-- testCases.TC001_AccountRegistrationTest -->
    </test> <!-- Test -->
  </suite> <!-- Master suite -->
</testng-results>
